<?xml version="1.0" encoding="UTF-8"?>
<testsuite xmlns:xsi="http://www.w3.org/2001/XMLSchema-instance" xsi:noNamespaceSchemaLocation="https://maven.apache.org/surefire/maven-surefire-plugin/xsd/surefire-test-report-3.0.xsd" version="3.0" name="edu.lehigh.cse216.team23.admin.AppTest" time="0.008" tests="2" errors="0" skipped="0" failures="0">
  <properties>
[...]
</properties>
  <testcase name="testValidAction" classname="edu.lehigh.cse216.team23.admin.AppTest" time="0.002">
    <system-out><![CDATA[[TD1*-+~q?] :> ]]></system-out>
  </testcase>
  <testcase name="testInvalidAction" classname="edu.lehigh.cse216.team23.admin.AppTest" time="0.0"/>
</testsuite>